..\FTPDownloadRTDM\bin\Release\BuildDanFileLib.pdb
C:\CustomerProjects\Bombardier\NSE_PTU\branches\DaveDevelopment\FTPDownloadLib\..\FTPDownloadRTDM\bin\Release\BuildDanFileLib.dll
C:\CUSTOMERPROJECTS\BOMBARDIER\NSE_PTU\BRANCHES\DAVEDEVELOPMENT\FTPDOWNLOADLIB\RELEASE\BUILDDANFILELIB.DLL.INTERMEDIATE.MANIFEST
C:\CustomerProjects\Bombardier\NSE_PTU\branches\DaveDevelopment\FTPDownloadLib\Release\BuildDanFileLib.write.1.tlog
C:\CustomerProjects\Bombardier\NSE_PTU\branches\DaveDevelopment\FTPDownloadLib\Release\cl.command.1.tlog
C:\CustomerProjects\Bombardier\NSE_PTU\branches\DaveDevelopment\FTPDownloadLib\Release\CL.read.1.tlog
C:\CustomerProjects\Bombardier\NSE_PTU\branches\DaveDevelopment\FTPDownloadLib\Release\CL.write.1.tlog
C:\CustomerProjects\Bombardier\NSE_PTU\branches\DaveDevelopment\FTPDownloadLib\Release\FTPDownloadLib.vcxprojResolveAssemblyReference.cache
C:\CustomerProjects\Bombardier\NSE_PTU\branches\DaveDevelopment\FTPDownloadLib\Release\link.command.1.tlog
C:\CustomerProjects\Bombardier\NSE_PTU\branches\DaveDevelopment\FTPDownloadLib\Release\link.read.1.tlog
C:\CustomerProjects\Bombardier\NSE_PTU\branches\DaveDevelopment\FTPDownloadLib\Release\link.write.1.tlog
C:\CustomerProjects\Bombardier\NSE_PTU\branches\DaveDevelopment\FTPDownloadLib\Release\mt.command.1.tlog
C:\CustomerProjects\Bombardier\NSE_PTU\branches\DaveDevelopment\FTPDownloadLib\Release\mt.read.1.tlog
C:\CustomerProjects\Bombardier\NSE_PTU\branches\DaveDevelopment\FTPDownloadLib\Release\mt.write.1.tlog
C:\CUSTOMERPROJECTS\BOMBARDIER\NSE_PTU\BRANCHES\DAVEDEVELOPMENT\FTPDOWNLOADLIB\RELEASE\MYFUNCS.OBJ
C:\CUSTOMERPROJECTS\BOMBARDIER\NSE_PTU\BRANCHES\DAVEDEVELOPMENT\FTPDOWNLOADLIB\RELEASE\RTDMCRC32.OBJ
C:\CUSTOMERPROJECTS\BOMBARDIER\NSE_PTU\BRANCHES\DAVEDEVELOPMENT\FTPDOWNLOADLIB\RELEASE\RTDMFILEIO.OBJ
C:\CUSTOMERPROJECTS\BOMBARDIER\NSE_PTU\BRANCHES\DAVEDEVELOPMENT\FTPDOWNLOADLIB\RELEASE\VC100.PDB
C:\CUSTOMERPROJECTS\BOMBARDIER\NSE_PTU\BRANCHES\DAVEDEVELOPMENT\FTPDOWNLOADRTDM\BIN\RELEASE\BUILDDANFILELIB.DLL
C:\CustomerProjects\Bombardier\NSE_PTU\branches\DaveDevelopment\FTPDownloadRTDM\bin\Release\BuildDanFileLib.exp
C:\CustomerProjects\Bombardier\NSE_PTU\branches\DaveDevelopment\FTPDownloadRTDM\bin\Release\BuildDanFileLib.lib
C:\CUSTOMERPROJECTS\BOMBARDIER\NSE_PTU\BRANCHES\DAVEDEVELOPMENT\FTPDOWNLOADRTDM\BIN\RELEASE\BUILDDANFILELIB.PDB
